<?xml version="1.0" encoding="UTF-8"?>
<testsuites name="Test Suite Web" time="71.694" tests="10" failures="0" errors="0">
   <testsuite name="Test Suite Web" tests="10" failures="0" errors="0" time="71.694" skipped="0" timestamp="27-05-2024T19:38:00" hostname="17520 - MacProVip" id="Test Suites/Test Suite Web">
      <properties>
         <property name="deviceName" value=""/>
         <property name="devicePlatform" value=""/>
         <property name="logFolder" value="E:\\Automation_Testing\\katalon\\Katalon-cert-complete\\Reports\\20240527_193745\\Test Suite Web\\20240527_193746"/>
         <property name="logFiles" value="E:\\Automation_Testing\\katalon\\Katalon-cert-complete\\Reports\\20240527_193745\\Test Suite Web\\20240527_193746\\execution0.log"/>
         <property name="attachments" value=""/>
         <property name="hostName" value="17520 - MacProVip"/>
         <property name="os" value="Windows 11 64bit"/>
         <property name="katalonVersion" value="9.4.0.212"/>
         <property name="browser" value="Chrome 125.0.0.0"/>
         <property name="hostAddress" value="192.168.102.54"/>
         <property name="sessionId" value="05f52a37e898df5e885ef5bf31068f9f"/>
         <property name="seleniumVersion" value="3.141.59"/>
         <property name="proxyInformation" value="ProxyInformation { proxyOption=NO_PROXY, proxyServerType=HTTP, username=, password=********, proxyServerAddress=, proxyServerPort=0, executionList=&quot;&quot;, isApplyToDesiredCapabilities=true }"/>
         <property name="platform" value="Windows 11"/>
      </properties>
      <testcase name="Test Cases/Web/TC 21 - 30/TC21" time="33.219" classname="Test Cases/Web/TC 21 - 30/TC21" status="PASSED">
         <system-out><![CDATA[27-05-2024T19:38:01 - [TEST_CASE][PASSED] - Test Cases/Web/TC 21 - 30/TC21: Test Cases/Web/TC 21 - 30/TC21

27-05-2024T19:38:01 - [TEST_STEP][PASSED] - openBrowser(""): Browser is opened with url: ''

27-05-2024T19:38:02 - [MESSAGE][INFO] - Starting 'Chrome' driver

27-05-2024T19:38:03 - [MESSAGE][INFO] - Action delay is set to 0 milliseconds

27-05-2024T19:38:06 - [MESSAGE][PASSED] - Browser is opened with url: ''

27-05-2024T19:38:07 - [TEST_STEP][PASSED] - navigateToUrl("https://dribbble.com/tags/test_page"): Navigate to 'https://dribbble.com/tags/test_page' successfully

27-05-2024T19:38:10 - [MESSAGE][PASSED] - Navigate to 'https://dribbble.com/tags/test_page' successfully

27-05-2024T19:38:10 - [TEST_STEP][PASSED] - click(findTestObject("Object Repository/a_Find designers")): Object: 'Object Repository/a_Find designers' is clicked on

27-05-2024T19:38:34 - [MESSAGE][PASSED] - Object: 'Object Repository/a_Find designers' is clicked on

27-05-2024T19:38:34 - [TEST_STEP][PASSED] - closeBrowser(): Browser is closed

27-05-2024T19:38:34 - [MESSAGE][PASSED] - Browser is closed]]></system-out>
         <system-err><![CDATA[]]></system-err>
      </testcase>
      <testcase name="Test Cases/Web/TC 21 - 30/TC22" time="3.704" classname="Test Cases/Web/TC 21 - 30/TC22" status="PASSED">
         <system-out><![CDATA[27-05-2024T19:38:34 - [TEST_CASE][PASSED] - Test Cases/Web/TC 21 - 30/TC22: Test Cases/Web/TC 21 - 30/TC22

27-05-2024T19:38:34 - [TEST_STEP][PASSED] - openBrowser(""): Browser is opened with url: ''

27-05-2024T19:38:34 - [MESSAGE][INFO] - Starting 'Chrome' driver

27-05-2024T19:38:34 - [MESSAGE][INFO] - Action delay is set to 0 milliseconds

27-05-2024T19:38:36 - [MESSAGE][PASSED] - Browser is opened with url: ''

27-05-2024T19:38:36 - [TEST_STEP][PASSED] - navigateToUrl("https://www.google.com/"): Navigate to 'https://www.google.com/' successfully

27-05-2024T19:38:37 - [MESSAGE][PASSED] - Navigate to 'https://www.google.com/' successfully

27-05-2024T19:38:37 - [TEST_STEP][PASSED] - closeBrowser(): Browser is closed

27-05-2024T19:38:38 - [MESSAGE][PASSED] - Browser is closed]]></system-out>
         <system-err><![CDATA[]]></system-err>
      </testcase>
      <testcase name="Test Cases/Web/TC 21 - 30/TC23" time="3.993" classname="Test Cases/Web/TC 21 - 30/TC23" status="PASSED">
         <system-out><![CDATA[27-05-2024T19:38:38 - [TEST_CASE][PASSED] - Test Cases/Web/TC 21 - 30/TC23: Test Cases/Web/TC 21 - 30/TC23

27-05-2024T19:38:38 - [TEST_STEP][PASSED] - openBrowser(""): Browser is opened with url: ''

27-05-2024T19:38:38 - [MESSAGE][INFO] - Starting 'Chrome' driver

27-05-2024T19:38:38 - [MESSAGE][INFO] - Action delay is set to 0 milliseconds

27-05-2024T19:38:39 - [MESSAGE][PASSED] - Browser is opened with url: ''

27-05-2024T19:38:39 - [TEST_STEP][PASSED] - navigateToUrl("https://www.google.com/"): Navigate to 'https://www.google.com/' successfully

27-05-2024T19:38:40 - [MESSAGE][PASSED] - Navigate to 'https://www.google.com/' successfully

27-05-2024T19:38:40 - [TEST_STEP][PASSED] - setText(findTestObject("Object Repository/textarea_ng nhp_q"), "asdasdadadasdasd"): Text 'asdasdadadasdasd' is set on object 'Object Repository/textarea_ng nhp_q'

27-05-2024T19:38:41 - [MESSAGE][PASSED] - Text 'asdasdadadasdasd' is set on object 'Object Repository/textarea_ng nhp_q'

27-05-2024T19:38:41 - [TEST_STEP][PASSED] - click(findTestObject("Object Repository/input_Demo account_form-control")): Object: 'Object Repository/input_Demo account_form-control' is clicked on

27-05-2024T19:38:41 - [MESSAGE][PASSED] - Object: 'Object Repository/input_Demo account_form-control' is clicked on

27-05-2024T19:38:41 - [TEST_STEP][PASSED] - closeBrowser(): Browser is closed

27-05-2024T19:38:42 - [MESSAGE][PASSED] - Browser is closed]]></system-out>
         <system-err><![CDATA[]]></system-err>
      </testcase>
      <testcase name="Test Cases/Web/TC 21 - 30/TC24" time="4.268" classname="Test Cases/Web/TC 21 - 30/TC24" status="PASSED">
         <system-out><![CDATA[27-05-2024T19:38:42 - [TEST_CASE][PASSED] - Test Cases/Web/TC 21 - 30/TC24: Test Cases/Web/TC 21 - 30/TC24

27-05-2024T19:38:42 - [TEST_STEP][PASSED] - openBrowser(""): Browser is opened with url: ''

27-05-2024T19:38:42 - [MESSAGE][INFO] - Starting 'Chrome' driver

27-05-2024T19:38:42 - [MESSAGE][INFO] - Action delay is set to 0 milliseconds

27-05-2024T19:38:43 - [MESSAGE][PASSED] - Browser is opened with url: ''

27-05-2024T19:38:43 - [TEST_STEP][PASSED] - navigateToUrl("https://www.google.com/"): Navigate to 'https://www.google.com/' successfully

27-05-2024T19:38:44 - [MESSAGE][PASSED] - Navigate to 'https://www.google.com/' successfully

27-05-2024T19:38:44 - [TEST_STEP][PASSED] - setText(findTestObject("Object Repository/textarea_ng nhp_q"), "as2dadasdasd"): Text 'as2dadasdasd' is set on object 'Object Repository/textarea_ng nhp_q'

27-05-2024T19:38:45 - [MESSAGE][PASSED] - Text 'as2dadasdasd' is set on object 'Object Repository/textarea_ng nhp_q'

27-05-2024T19:38:45 - [TEST_STEP][PASSED] - click(findTestObject("Object Repository/input_Demo account_form-control")): Object: 'Object Repository/input_Demo account_form-control' is clicked on

27-05-2024T19:38:46 - [MESSAGE][PASSED] - Object: 'Object Repository/input_Demo account_form-control' is clicked on

27-05-2024T19:38:46 - [TEST_STEP][PASSED] - closeBrowser(): Browser is closed

27-05-2024T19:38:46 - [MESSAGE][PASSED] - Browser is closed]]></system-out>
         <system-err><![CDATA[]]></system-err>
      </testcase>
      <testcase name="Test Cases/Web/TC 21 - 30/TC25" time="4.141" classname="Test Cases/Web/TC 21 - 30/TC25" status="PASSED">
         <system-out><![CDATA[27-05-2024T19:38:46 - [TEST_CASE][PASSED] - Test Cases/Web/TC 21 - 30/TC25: Test Cases/Web/TC 21 - 30/TC25

27-05-2024T19:38:46 - [TEST_STEP][PASSED] - openBrowser(""): Browser is opened with url: ''

27-05-2024T19:38:46 - [MESSAGE][INFO] - Starting 'Chrome' driver

27-05-2024T19:38:46 - [MESSAGE][INFO] - Action delay is set to 0 milliseconds

27-05-2024T19:38:47 - [MESSAGE][PASSED] - Browser is opened with url: ''

27-05-2024T19:38:47 - [TEST_STEP][PASSED] - navigateToUrl("https://www.google.com/"): Navigate to 'https://www.google.com/' successfully

27-05-2024T19:38:49 - [MESSAGE][PASSED] - Navigate to 'https://www.google.com/' successfully

27-05-2024T19:38:49 - [TEST_STEP][PASSED] - setText(findTestObject("Object Repository/textarea_ng nhp_q"), "asda234234sdadadasdasd"): Text 'asda234234sdadadasdasd' is set on object 'Object Repository/textarea_ng nhp_q'

27-05-2024T19:38:49 - [MESSAGE][PASSED] - Text 'asda234234sdadadasdasd' is set on object 'Object Repository/textarea_ng nhp_q'

27-05-2024T19:38:49 - [TEST_STEP][PASSED] - click(findTestObject("Object Repository/input_Demo account_form-control")): Object: 'Object Repository/input_Demo account_form-control' is clicked on

27-05-2024T19:38:50 - [MESSAGE][PASSED] - Object: 'Object Repository/input_Demo account_form-control' is clicked on

27-05-2024T19:38:50 - [TEST_STEP][PASSED] - closeBrowser(): Browser is closed

27-05-2024T19:38:50 - [MESSAGE][PASSED] - Browser is closed]]></system-out>
         <system-err><![CDATA[]]></system-err>
      </testcase>
      <testcase name="Test Cases/Web/TC 21 - 30/TC26" time="3.906" classname="Test Cases/Web/TC 21 - 30/TC26" status="PASSED">
         <system-out><![CDATA[27-05-2024T19:38:50 - [TEST_CASE][PASSED] - Test Cases/Web/TC 21 - 30/TC26: Test Cases/Web/TC 21 - 30/TC26

27-05-2024T19:38:50 - [TEST_STEP][PASSED] - openBrowser(""): Browser is opened with url: ''

27-05-2024T19:38:50 - [MESSAGE][INFO] - Starting 'Chrome' driver

27-05-2024T19:38:50 - [MESSAGE][INFO] - Action delay is set to 0 milliseconds

27-05-2024T19:38:51 - [MESSAGE][PASSED] - Browser is opened with url: ''

27-05-2024T19:38:51 - [TEST_STEP][PASSED] - navigateToUrl("https://www.google.com/"): Navigate to 'https://www.google.com/' successfully

27-05-2024T19:38:52 - [MESSAGE][PASSED] - Navigate to 'https://www.google.com/' successfully

27-05-2024T19:38:52 - [TEST_STEP][PASSED] - setText(findTestObject("Object Repository/textarea_ng nhp_q"), "asda222234234sdadadasdasd"): Text 'asda222234234sdadadasdasd' is set on object 'Object Repository/textarea_ng nhp_q'

27-05-2024T19:38:53 - [MESSAGE][PASSED] - Text 'asda222234234sdadadasdasd' is set on object 'Object Repository/textarea_ng nhp_q'

27-05-2024T19:38:53 - [TEST_STEP][PASSED] - click(findTestObject("Object Repository/input_Demo account_form-control")): Object: 'Object Repository/input_Demo account_form-control' is clicked on

27-05-2024T19:38:54 - [MESSAGE][PASSED] - Object: 'Object Repository/input_Demo account_form-control' is clicked on

27-05-2024T19:38:54 - [TEST_STEP][PASSED] - closeBrowser(): Browser is closed

27-05-2024T19:38:54 - [MESSAGE][PASSED] - Browser is closed]]></system-out>
         <system-err><![CDATA[]]></system-err>
      </testcase>
      <testcase name="Test Cases/Web/TC 21 - 30/TC27" time="4.007" classname="Test Cases/Web/TC 21 - 30/TC27" status="PASSED">
         <system-out><![CDATA[27-05-2024T19:38:54 - [TEST_CASE][PASSED] - Test Cases/Web/TC 21 - 30/TC27: Test Cases/Web/TC 21 - 30/TC27

27-05-2024T19:38:54 - [TEST_STEP][PASSED] - openBrowser(""): Browser is opened with url: ''

27-05-2024T19:38:54 - [MESSAGE][INFO] - Starting 'Chrome' driver

27-05-2024T19:38:54 - [MESSAGE][INFO] - Action delay is set to 0 milliseconds

27-05-2024T19:38:55 - [MESSAGE][PASSED] - Browser is opened with url: ''

27-05-2024T19:38:55 - [TEST_STEP][PASSED] - navigateToUrl("https://www.google.com/"): Navigate to 'https://www.google.com/' successfully

27-05-2024T19:38:56 - [MESSAGE][PASSED] - Navigate to 'https://www.google.com/' successfully

27-05-2024T19:38:56 - [TEST_STEP][PASSED] - setText(findTestObject("Object Repository/textarea_ng nhp_q"), "asda23213124234sdadadasdasd"): Text 'asda23213124234sdadadasdasd' is set on object 'Object Repository/textarea_ng nhp_q'

27-05-2024T19:38:57 - [MESSAGE][PASSED] - Text 'asda23213124234sdadadasdasd' is set on object 'Object Repository/textarea_ng nhp_q'

27-05-2024T19:38:57 - [TEST_STEP][PASSED] - click(findTestObject("Object Repository/input_Demo account_form-control")): Object: 'Object Repository/input_Demo account_form-control' is clicked on

27-05-2024T19:38:58 - [MESSAGE][PASSED] - Object: 'Object Repository/input_Demo account_form-control' is clicked on

27-05-2024T19:38:58 - [TEST_STEP][PASSED] - closeBrowser(): Browser is closed

27-05-2024T19:38:58 - [MESSAGE][PASSED] - Browser is closed]]></system-out>
         <system-err><![CDATA[]]></system-err>
      </testcase>
      <testcase name="Test Cases/Web/TC 21 - 30/TC28" time="4.183" classname="Test Cases/Web/TC 21 - 30/TC28" status="PASSED">
         <system-out><![CDATA[27-05-2024T19:38:58 - [TEST_CASE][PASSED] - Test Cases/Web/TC 21 - 30/TC28: Test Cases/Web/TC 21 - 30/TC28

27-05-2024T19:38:58 - [TEST_STEP][PASSED] - openBrowser(""): Browser is opened with url: ''

27-05-2024T19:38:58 - [MESSAGE][INFO] - Starting 'Chrome' driver

27-05-2024T19:38:58 - [MESSAGE][INFO] - Action delay is set to 0 milliseconds

27-05-2024T19:38:59 - [MESSAGE][PASSED] - Browser is opened with url: ''

27-05-2024T19:38:59 - [TEST_STEP][PASSED] - navigateToUrl("https://www.google.com/"): Navigate to 'https://www.google.com/' successfully

27-05-2024T19:39:00 - [MESSAGE][PASSED] - Navigate to 'https://www.google.com/' successfully

27-05-2024T19:39:00 - [TEST_STEP][PASSED] - setText(findTestObject("Object Repository/textarea_ng nhp_q"), "asd2a234234sdadadasdasd"): Text 'asd2a234234sdadadasdasd' is set on object 'Object Repository/textarea_ng nhp_q'

27-05-2024T19:39:01 - [MESSAGE][PASSED] - Text 'asd2a234234sdadadasdasd' is set on object 'Object Repository/textarea_ng nhp_q'

27-05-2024T19:39:01 - [TEST_STEP][PASSED] - click(findTestObject("Object Repository/input_Demo account_form-control")): Object: 'Object Repository/input_Demo account_form-control' is clicked on

27-05-2024T19:39:02 - [MESSAGE][PASSED] - Object: 'Object Repository/input_Demo account_form-control' is clicked on

27-05-2024T19:39:02 - [TEST_STEP][PASSED] - closeBrowser(): Browser is closed

27-05-2024T19:39:02 - [MESSAGE][PASSED] - Browser is closed]]></system-out>
         <system-err><![CDATA[]]></system-err>
      </testcase>
      <testcase name="Test Cases/Web/TC 21 - 30/TC29" time="5.768" classname="Test Cases/Web/TC 21 - 30/TC29" status="PASSED">
         <system-out><![CDATA[27-05-2024T19:39:02 - [TEST_CASE][PASSED] - Test Cases/Web/TC 21 - 30/TC29: Test Cases/Web/TC 21 - 30/TC29

27-05-2024T19:39:02 - [TEST_STEP][PASSED] - openBrowser(""): Browser is opened with url: ''

27-05-2024T19:39:02 - [MESSAGE][INFO] - Starting 'Chrome' driver

27-05-2024T19:39:02 - [MESSAGE][INFO] - Action delay is set to 0 milliseconds

27-05-2024T19:39:03 - [MESSAGE][PASSED] - Browser is opened with url: ''

27-05-2024T19:39:03 - [TEST_STEP][PASSED] - navigateToUrl("https://www.google.com/"): Navigate to 'https://www.google.com/' successfully

27-05-2024T19:39:04 - [MESSAGE][PASSED] - Navigate to 'https://www.google.com/' successfully

27-05-2024T19:39:04 - [TEST_STEP][PASSED] - setText(findTestObject("Object Repository/textarea_ng nhp_q"), "asda2342344234sdadadasdasd"): Text 'asda2342344234sdadadasdasd' is set on object 'Object Repository/textarea_ng nhp_q'

27-05-2024T19:39:05 - [MESSAGE][PASSED] - Text 'asda2342344234sdadadasdasd' is set on object 'Object Repository/textarea_ng nhp_q'

27-05-2024T19:39:05 - [TEST_STEP][PASSED] - click(findTestObject("Object Repository/input_Demo account_form-control")): Object: 'Object Repository/input_Demo account_form-control' is clicked on

27-05-2024T19:39:08 - [MESSAGE][PASSED] - Object: 'Object Repository/input_Demo account_form-control' is clicked on

27-05-2024T19:39:08 - [TEST_STEP][PASSED] - closeBrowser(): Browser is closed

27-05-2024T19:39:08 - [MESSAGE][PASSED] - Browser is closed]]></system-out>
         <system-err><![CDATA[]]></system-err>
      </testcase>
      <testcase name="Test Cases/Web/TC 21 - 30/TC30" time="4.069" classname="Test Cases/Web/TC 21 - 30/TC30" status="PASSED">
         <system-out><![CDATA[27-05-2024T19:39:08 - [TEST_CASE][PASSED] - Test Cases/Web/TC 21 - 30/TC30: Test Cases/Web/TC 21 - 30/TC30

27-05-2024T19:39:08 - [TEST_STEP][PASSED] - openBrowser(""): Browser is opened with url: ''

27-05-2024T19:39:08 - [MESSAGE][INFO] - Starting 'Chrome' driver

27-05-2024T19:39:08 - [MESSAGE][INFO] - Action delay is set to 0 milliseconds

27-05-2024T19:39:09 - [MESSAGE][PASSED] - Browser is opened with url: ''

27-05-2024T19:39:09 - [TEST_STEP][PASSED] - navigateToUrl("https://www.google.com/"): Navigate to 'https://www.google.com/' successfully

27-05-2024T19:39:10 - [MESSAGE][PASSED] - Navigate to 'https://www.google.com/' successfully

27-05-2024T19:39:10 - [TEST_STEP][PASSED] - setText(findTestObject("Object Repository/textarea_ng nhp_q"), "asda235554234sdadadasdasd"): Text 'asda235554234sdadadasdasd' is set on object 'Object Repository/textarea_ng nhp_q'

27-05-2024T19:39:11 - [MESSAGE][PASSED] - Text 'asda235554234sdadadasdasd' is set on object 'Object Repository/textarea_ng nhp_q'

27-05-2024T19:39:11 - [TEST_STEP][PASSED] - click(findTestObject("Object Repository/input_Demo account_form-control")): Object: 'Object Repository/input_Demo account_form-control' is clicked on

27-05-2024T19:39:12 - [MESSAGE][PASSED] - Object: 'Object Repository/input_Demo account_form-control' is clicked on

27-05-2024T19:39:12 - [TEST_STEP][PASSED] - closeBrowser(): Browser is closed

27-05-2024T19:39:12 - [MESSAGE][PASSED] - Browser is closed]]></system-out>
         <system-err><![CDATA[]]></system-err>
      </testcase>
      <system-out><![CDATA[27-05-2024T19:38:00 - [TEST_SUITE][PASSED] - Test Suite Web: Test Cases/Web/TC 21 - 30/TC30]]></system-out>
      <system-err><![CDATA[]]></system-err>
   </testsuite>
</testsuites>
