<?xml version="1.0" encoding="UTF-8"?>
<testsuites name="Test Suite Visual" time="49.824" tests="10" failures="0" errors="0">
   <testsuite name="Test Suite Visual" tests="10" failures="0" errors="0" time="49.824" skipped="0" timestamp="27-05-2024T19:18:40" hostname="17520 - MacProVip" id="Test Suites/Test Suite Visual">
      <properties>
         <property name="deviceName" value=""/>
         <property name="devicePlatform" value=""/>
         <property name="logFolder" value="E:\\Automation_Testing\\katalon\\Katalon-cert-complete\\Reports\\20240527_191831\\Test Suite Visual\\20240527_191832"/>
         <property name="logFiles" value="E:\\Automation_Testing\\katalon\\Katalon-cert-complete\\Reports\\20240527_191831\\Test Suite Visual\\20240527_191832\\execution0.log"/>
         <property name="attachments" value=""/>
         <property name="hostName" value="17520 - MacProVip"/>
         <property name="os" value="Windows 11 64bit"/>
         <property name="katalonVersion" value="9.4.0.212"/>
         <property name="browser" value="Chrome 125.0.0.0"/>
         <property name="hostAddress" value="192.168.102.54"/>
         <property name="sessionId" value="779a2dd09bd4bf5097ce4869037643fe"/>
         <property name="seleniumVersion" value="3.141.59"/>
         <property name="proxyInformation" value="ProxyInformation { proxyOption=NO_PROXY, proxyServerType=HTTP, username=, password=********, proxyServerAddress=, proxyServerPort=0, executionList=&quot;&quot;, isApplyToDesiredCapabilities=true }"/>
         <property name="platform" value="Windows 11"/>
      </properties>
      <testcase name="Test Cases/Web/TC 21 - 30/TC21" time="11.168" classname="Test Cases/Web/TC 21 - 30/TC21" status="PASSED">
         <system-out><![CDATA[27-05-2024T19:18:41 - [TEST_CASE][PASSED] - Test Cases/Web/TC 21 - 30/TC21: Test Cases/Web/TC 21 - 30/TC21

27-05-2024T19:18:41 - [TEST_STEP][PASSED] - openBrowser(""): Browser is opened with url: ''

27-05-2024T19:18:42 - [MESSAGE][INFO] - Starting 'Chrome' driver

27-05-2024T19:18:42 - [MESSAGE][INFO] - Action delay is set to 0 milliseconds

27-05-2024T19:18:45 - [MESSAGE][PASSED] - Browser is opened with url: ''

27-05-2024T19:18:45 - [TEST_STEP][PASSED] - navigateToUrl("https://dribbble.com/tags/test_page"): Navigate to 'https://dribbble.com/tags/test_page' successfully

27-05-2024T19:18:48 - [MESSAGE][PASSED] - Navigate to 'https://dribbble.com/tags/test_page' successfully

27-05-2024T19:18:48 - [TEST_STEP][PASSED] - click(findTestObject("Object Repository/a_Find designers")): Object: 'Object Repository/a_Find designers' is clicked on

27-05-2024T19:18:51 - [MESSAGE][PASSED] - Object: 'Object Repository/a_Find designers' is clicked on

27-05-2024T19:18:51 - [TEST_STEP][PASSED] - closeBrowser(): Browser is closed

27-05-2024T19:18:52 - [MESSAGE][PASSED] - Browser is closed]]></system-out>
         <system-err><![CDATA[]]></system-err>
      </testcase>
      <testcase name="Test Cases/Web/TC 21 - 30/TC22" time="3.168" classname="Test Cases/Web/TC 21 - 30/TC22" status="PASSED">
         <system-out><![CDATA[27-05-2024T19:18:52 - [TEST_CASE][PASSED] - Test Cases/Web/TC 21 - 30/TC22: Test Cases/Web/TC 21 - 30/TC22

27-05-2024T19:18:52 - [TEST_STEP][PASSED] - openBrowser(""): Browser is opened with url: ''

27-05-2024T19:18:52 - [MESSAGE][INFO] - Starting 'Chrome' driver

27-05-2024T19:18:52 - [MESSAGE][INFO] - Action delay is set to 0 milliseconds

27-05-2024T19:18:53 - [MESSAGE][PASSED] - Browser is opened with url: ''

27-05-2024T19:18:53 - [TEST_STEP][PASSED] - navigateToUrl("https://www.google.com/"): Navigate to 'https://www.google.com/' successfully

27-05-2024T19:18:55 - [MESSAGE][PASSED] - Navigate to 'https://www.google.com/' successfully

27-05-2024T19:18:55 - [TEST_STEP][PASSED] - closeBrowser(): Browser is closed

27-05-2024T19:18:55 - [MESSAGE][PASSED] - Browser is closed]]></system-out>
         <system-err><![CDATA[]]></system-err>
      </testcase>
      <testcase name="Test Cases/Web/TC 21 - 30/TC23" time="3.939" classname="Test Cases/Web/TC 21 - 30/TC23" status="PASSED">
         <system-out><![CDATA[27-05-2024T19:18:55 - [TEST_CASE][PASSED] - Test Cases/Web/TC 21 - 30/TC23: Test Cases/Web/TC 21 - 30/TC23

27-05-2024T19:18:55 - [TEST_STEP][PASSED] - openBrowser(""): Browser is opened with url: ''

27-05-2024T19:18:55 - [MESSAGE][INFO] - Starting 'Chrome' driver

27-05-2024T19:18:55 - [MESSAGE][INFO] - Action delay is set to 0 milliseconds

27-05-2024T19:18:56 - [MESSAGE][PASSED] - Browser is opened with url: ''

27-05-2024T19:18:56 - [TEST_STEP][PASSED] - navigateToUrl("https://www.google.com/"): Navigate to 'https://www.google.com/' successfully

27-05-2024T19:18:57 - [MESSAGE][PASSED] - Navigate to 'https://www.google.com/' successfully

27-05-2024T19:18:57 - [TEST_STEP][PASSED] - setText(findTestObject("Object Repository/textarea_ng nhp_q"), "asdasdadadasdasd"): Text 'asdasdadadasdasd' is set on object 'Object Repository/textarea_ng nhp_q'

27-05-2024T19:18:58 - [MESSAGE][PASSED] - Text 'asdasdadadasdasd' is set on object 'Object Repository/textarea_ng nhp_q'

27-05-2024T19:18:58 - [TEST_STEP][PASSED] - click(findTestObject("Object Repository/input_Demo account_form-control")): Object: 'Object Repository/input_Demo account_form-control' is clicked on

27-05-2024T19:18:59 - [MESSAGE][PASSED] - Object: 'Object Repository/input_Demo account_form-control' is clicked on

27-05-2024T19:18:59 - [TEST_STEP][PASSED] - closeBrowser(): Browser is closed

27-05-2024T19:18:59 - [MESSAGE][PASSED] - Browser is closed]]></system-out>
         <system-err><![CDATA[]]></system-err>
      </testcase>
      <testcase name="Test Cases/Web/TC 21 - 30/TC24" time="3.878" classname="Test Cases/Web/TC 21 - 30/TC24" status="PASSED">
         <system-out><![CDATA[27-05-2024T19:18:59 - [TEST_CASE][PASSED] - Test Cases/Web/TC 21 - 30/TC24: Test Cases/Web/TC 21 - 30/TC24

27-05-2024T19:18:59 - [TEST_STEP][PASSED] - openBrowser(""): Browser is opened with url: ''

27-05-2024T19:18:59 - [MESSAGE][INFO] - Starting 'Chrome' driver

27-05-2024T19:18:59 - [MESSAGE][INFO] - Action delay is set to 0 milliseconds

27-05-2024T19:19:00 - [MESSAGE][PASSED] - Browser is opened with url: ''

27-05-2024T19:19:00 - [TEST_STEP][PASSED] - navigateToUrl("https://www.google.com/"): Navigate to 'https://www.google.com/' successfully

27-05-2024T19:19:01 - [MESSAGE][PASSED] - Navigate to 'https://www.google.com/' successfully

27-05-2024T19:19:01 - [TEST_STEP][PASSED] - setText(findTestObject("Object Repository/textarea_ng nhp_q"), "as2dadasdasd"): Text 'as2dadasdasd' is set on object 'Object Repository/textarea_ng nhp_q'

27-05-2024T19:19:02 - [MESSAGE][PASSED] - Text 'as2dadasdasd' is set on object 'Object Repository/textarea_ng nhp_q'

27-05-2024T19:19:02 - [TEST_STEP][PASSED] - click(findTestObject("Object Repository/input_Demo account_form-control")): Object: 'Object Repository/input_Demo account_form-control' is clicked on

27-05-2024T19:19:03 - [MESSAGE][PASSED] - Object: 'Object Repository/input_Demo account_form-control' is clicked on

27-05-2024T19:19:03 - [TEST_STEP][PASSED] - closeBrowser(): Browser is closed

27-05-2024T19:19:03 - [MESSAGE][PASSED] - Browser is closed]]></system-out>
         <system-err><![CDATA[]]></system-err>
      </testcase>
      <testcase name="Test Cases/Web/TC 21 - 30/TC25" time="3.852" classname="Test Cases/Web/TC 21 - 30/TC25" status="PASSED">
         <system-out><![CDATA[27-05-2024T19:19:03 - [TEST_CASE][PASSED] - Test Cases/Web/TC 21 - 30/TC25: Test Cases/Web/TC 21 - 30/TC25

27-05-2024T19:19:03 - [TEST_STEP][PASSED] - openBrowser(""): Browser is opened with url: ''

27-05-2024T19:19:03 - [MESSAGE][INFO] - Starting 'Chrome' driver

27-05-2024T19:19:03 - [MESSAGE][INFO] - Action delay is set to 0 milliseconds

27-05-2024T19:19:04 - [MESSAGE][PASSED] - Browser is opened with url: ''

27-05-2024T19:19:04 - [TEST_STEP][PASSED] - navigateToUrl("https://www.google.com/"): Navigate to 'https://www.google.com/' successfully

27-05-2024T19:19:05 - [MESSAGE][PASSED] - Navigate to 'https://www.google.com/' successfully

27-05-2024T19:19:05 - [TEST_STEP][PASSED] - setText(findTestObject("Object Repository/textarea_ng nhp_q"), "asda234234sdadadasdasd"): Text 'asda234234sdadadasdasd' is set on object 'Object Repository/textarea_ng nhp_q'

27-05-2024T19:19:06 - [MESSAGE][PASSED] - Text 'asda234234sdadadasdasd' is set on object 'Object Repository/textarea_ng nhp_q'

27-05-2024T19:19:06 - [TEST_STEP][PASSED] - click(findTestObject("Object Repository/input_Demo account_form-control")): Object: 'Object Repository/input_Demo account_form-control' is clicked on

27-05-2024T19:19:07 - [MESSAGE][PASSED] - Object: 'Object Repository/input_Demo account_form-control' is clicked on

27-05-2024T19:19:07 - [TEST_STEP][PASSED] - closeBrowser(): Browser is closed

27-05-2024T19:19:07 - [MESSAGE][PASSED] - Browser is closed]]></system-out>
         <system-err><![CDATA[]]></system-err>
      </testcase>
      <testcase name="Test Cases/Web/TC 21 - 30/TC26" time="4.551" classname="Test Cases/Web/TC 21 - 30/TC26" status="PASSED">
         <system-out><![CDATA[27-05-2024T19:19:07 - [TEST_CASE][PASSED] - Test Cases/Web/TC 21 - 30/TC26: Test Cases/Web/TC 21 - 30/TC26

27-05-2024T19:19:07 - [TEST_STEP][PASSED] - openBrowser(""): Browser is opened with url: ''

27-05-2024T19:19:07 - [MESSAGE][INFO] - Starting 'Chrome' driver

27-05-2024T19:19:07 - [MESSAGE][INFO] - Action delay is set to 0 milliseconds

27-05-2024T19:19:08 - [MESSAGE][PASSED] - Browser is opened with url: ''

27-05-2024T19:19:08 - [TEST_STEP][PASSED] - navigateToUrl("https://www.google.com/"): Navigate to 'https://www.google.com/' successfully

27-05-2024T19:19:10 - [MESSAGE][PASSED] - Navigate to 'https://www.google.com/' successfully

27-05-2024T19:19:10 - [TEST_STEP][PASSED] - setText(findTestObject("Object Repository/textarea_ng nhp_q"), "asda222234234sdadadasdasd"): Text 'asda222234234sdadadasdasd' is set on object 'Object Repository/textarea_ng nhp_q'

27-05-2024T19:19:10 - [MESSAGE][PASSED] - Text 'asda222234234sdadadasdasd' is set on object 'Object Repository/textarea_ng nhp_q'

27-05-2024T19:19:10 - [TEST_STEP][PASSED] - click(findTestObject("Object Repository/input_Demo account_form-control")): Object: 'Object Repository/input_Demo account_form-control' is clicked on

27-05-2024T19:19:11 - [MESSAGE][PASSED] - Object: 'Object Repository/input_Demo account_form-control' is clicked on

27-05-2024T19:19:11 - [TEST_STEP][PASSED] - closeBrowser(): Browser is closed

27-05-2024T19:19:11 - [MESSAGE][PASSED] - Browser is closed]]></system-out>
         <system-err><![CDATA[]]></system-err>
      </testcase>
      <testcase name="Test Cases/Web/TC 21 - 30/TC27" time="5.732" classname="Test Cases/Web/TC 21 - 30/TC27" status="PASSED">
         <system-out><![CDATA[27-05-2024T19:19:11 - [TEST_CASE][PASSED] - Test Cases/Web/TC 21 - 30/TC27: Test Cases/Web/TC 21 - 30/TC27

27-05-2024T19:19:11 - [TEST_STEP][PASSED] - openBrowser(""): Browser is opened with url: ''

27-05-2024T19:19:11 - [MESSAGE][INFO] - Starting 'Chrome' driver

27-05-2024T19:19:11 - [MESSAGE][INFO] - Action delay is set to 0 milliseconds

27-05-2024T19:19:13 - [MESSAGE][PASSED] - Browser is opened with url: ''

27-05-2024T19:19:13 - [TEST_STEP][PASSED] - navigateToUrl("https://www.google.com/"): Navigate to 'https://www.google.com/' successfully

27-05-2024T19:19:15 - [MESSAGE][PASSED] - Navigate to 'https://www.google.com/' successfully

27-05-2024T19:19:15 - [TEST_STEP][PASSED] - setText(findTestObject("Object Repository/textarea_ng nhp_q"), "asda23213124234sdadadasdasd"): Text 'asda23213124234sdadadasdasd' is set on object 'Object Repository/textarea_ng nhp_q'

27-05-2024T19:19:16 - [MESSAGE][PASSED] - Text 'asda23213124234sdadadasdasd' is set on object 'Object Repository/textarea_ng nhp_q'

27-05-2024T19:19:16 - [TEST_STEP][PASSED] - click(findTestObject("Object Repository/input_Demo account_form-control")): Object: 'Object Repository/input_Demo account_form-control' is clicked on

27-05-2024T19:19:17 - [MESSAGE][PASSED] - Object: 'Object Repository/input_Demo account_form-control' is clicked on

27-05-2024T19:19:17 - [TEST_STEP][PASSED] - closeBrowser(): Browser is closed

27-05-2024T19:19:17 - [MESSAGE][PASSED] - Browser is closed]]></system-out>
         <system-err><![CDATA[]]></system-err>
      </testcase>
      <testcase name="Test Cases/Web/TC 21 - 30/TC28" time="4.218" classname="Test Cases/Web/TC 21 - 30/TC28" status="PASSED">
         <system-out><![CDATA[27-05-2024T19:19:17 - [TEST_CASE][PASSED] - Test Cases/Web/TC 21 - 30/TC28: Test Cases/Web/TC 21 - 30/TC28

27-05-2024T19:19:17 - [TEST_STEP][PASSED] - openBrowser(""): Browser is opened with url: ''

27-05-2024T19:19:17 - [MESSAGE][INFO] - Starting 'Chrome' driver

27-05-2024T19:19:17 - [MESSAGE][INFO] - Action delay is set to 0 milliseconds

27-05-2024T19:19:18 - [MESSAGE][PASSED] - Browser is opened with url: ''

27-05-2024T19:19:18 - [TEST_STEP][PASSED] - navigateToUrl("https://www.google.com/"): Navigate to 'https://www.google.com/' successfully

27-05-2024T19:19:20 - [MESSAGE][PASSED] - Navigate to 'https://www.google.com/' successfully

27-05-2024T19:19:20 - [TEST_STEP][PASSED] - setText(findTestObject("Object Repository/textarea_ng nhp_q"), "asd2a234234sdadadasdasd"): Text 'asd2a234234sdadadasdasd' is set on object 'Object Repository/textarea_ng nhp_q'

27-05-2024T19:19:20 - [MESSAGE][PASSED] - Text 'asd2a234234sdadadasdasd' is set on object 'Object Repository/textarea_ng nhp_q'

27-05-2024T19:19:20 - [TEST_STEP][PASSED] - click(findTestObject("Object Repository/input_Demo account_form-control")): Object: 'Object Repository/input_Demo account_form-control' is clicked on

27-05-2024T19:19:21 - [MESSAGE][PASSED] - Object: 'Object Repository/input_Demo account_form-control' is clicked on

27-05-2024T19:19:21 - [TEST_STEP][PASSED] - closeBrowser(): Browser is closed

27-05-2024T19:19:21 - [MESSAGE][PASSED] - Browser is closed]]></system-out>
         <system-err><![CDATA[]]></system-err>
      </testcase>
      <testcase name="Test Cases/Web/TC 21 - 30/TC29" time="4.575" classname="Test Cases/Web/TC 21 - 30/TC29" status="PASSED">
         <system-out><![CDATA[27-05-2024T19:19:21 - [TEST_CASE][PASSED] - Test Cases/Web/TC 21 - 30/TC29: Test Cases/Web/TC 21 - 30/TC29

27-05-2024T19:19:21 - [TEST_STEP][PASSED] - openBrowser(""): Browser is opened with url: ''

27-05-2024T19:19:21 - [MESSAGE][INFO] - Starting 'Chrome' driver

27-05-2024T19:19:21 - [MESSAGE][INFO] - Action delay is set to 0 milliseconds

27-05-2024T19:19:23 - [MESSAGE][PASSED] - Browser is opened with url: ''

27-05-2024T19:19:23 - [TEST_STEP][PASSED] - navigateToUrl("https://www.google.com/"): Navigate to 'https://www.google.com/' successfully

27-05-2024T19:19:24 - [MESSAGE][PASSED] - Navigate to 'https://www.google.com/' successfully

27-05-2024T19:19:24 - [TEST_STEP][PASSED] - setText(findTestObject("Object Repository/textarea_ng nhp_q"), "asda2342344234sdadadasdasd"): Text 'asda2342344234sdadadasdasd' is set on object 'Object Repository/textarea_ng nhp_q'

27-05-2024T19:19:25 - [MESSAGE][PASSED] - Text 'asda2342344234sdadadasdasd' is set on object 'Object Repository/textarea_ng nhp_q'

27-05-2024T19:19:25 - [TEST_STEP][PASSED] - click(findTestObject("Object Repository/input_Demo account_form-control")): Object: 'Object Repository/input_Demo account_form-control' is clicked on

27-05-2024T19:19:26 - [MESSAGE][PASSED] - Object: 'Object Repository/input_Demo account_form-control' is clicked on

27-05-2024T19:19:26 - [TEST_STEP][PASSED] - closeBrowser(): Browser is closed

27-05-2024T19:19:26 - [MESSAGE][PASSED] - Browser is closed]]></system-out>
         <system-err><![CDATA[]]></system-err>
      </testcase>
      <testcase name="Test Cases/Web/TC 21 - 30/TC30" time="4.368" classname="Test Cases/Web/TC 21 - 30/TC30" status="PASSED">
         <system-out><![CDATA[27-05-2024T19:19:26 - [TEST_CASE][PASSED] - Test Cases/Web/TC 21 - 30/TC30: Test Cases/Web/TC 21 - 30/TC30

27-05-2024T19:19:26 - [TEST_STEP][PASSED] - openBrowser(""): Browser is opened with url: ''

27-05-2024T19:19:26 - [MESSAGE][INFO] - Starting 'Chrome' driver

27-05-2024T19:19:26 - [MESSAGE][INFO] - Action delay is set to 0 milliseconds

27-05-2024T19:19:27 - [MESSAGE][PASSED] - Browser is opened with url: ''

27-05-2024T19:19:27 - [TEST_STEP][PASSED] - navigateToUrl("https://www.google.com/"): Navigate to 'https://www.google.com/' successfully

27-05-2024T19:19:28 - [MESSAGE][PASSED] - Navigate to 'https://www.google.com/' successfully

27-05-2024T19:19:28 - [TEST_STEP][PASSED] - setText(findTestObject("Object Repository/textarea_ng nhp_q"), "asda235554234sdadadasdasd"): Text 'asda235554234sdadadasdasd' is set on object 'Object Repository/textarea_ng nhp_q'

27-05-2024T19:19:29 - [MESSAGE][PASSED] - Text 'asda235554234sdadadasdasd' is set on object 'Object Repository/textarea_ng nhp_q'

27-05-2024T19:19:29 - [TEST_STEP][PASSED] - click(findTestObject("Object Repository/input_Demo account_form-control")): Object: 'Object Repository/input_Demo account_form-control' is clicked on

27-05-2024T19:19:30 - [MESSAGE][PASSED] - Object: 'Object Repository/input_Demo account_form-control' is clicked on

27-05-2024T19:19:30 - [TEST_STEP][PASSED] - closeBrowser(): Browser is closed

27-05-2024T19:19:30 - [MESSAGE][PASSED] - Browser is closed]]></system-out>
         <system-err><![CDATA[]]></system-err>
      </testcase>
      <system-out><![CDATA[27-05-2024T19:18:40 - [TEST_SUITE][PASSED] - Test Suite Visual: Test Cases/Web/TC 21 - 30/TC30]]></system-out>
      <system-err><![CDATA[]]></system-err>
   </testsuite>
</testsuites>
