<?xml version="1.0" encoding="UTF-8"?>
<testsuites name="Test Suite Visual" time="67.098" tests="10" failures="0" errors="0">
   <testsuite name="Test Suite Visual" tests="10" failures="0" errors="0" time="67.098" skipped="0" timestamp="27-05-2024T19:18:43" hostname="17520 - MacProVip" id="Test Suites/Test Suite Visual">
      <properties>
         <property name="deviceName" value=""/>
         <property name="devicePlatform" value=""/>
         <property name="logFolder" value="E:\\Automation_Testing\\katalon\\Katalon-cert-complete\\Reports\\20240527_191834\\Test Suite Visual\\20240527_191834"/>
         <property name="logFiles" value="E:\\Automation_Testing\\katalon\\Katalon-cert-complete\\Reports\\20240527_191834\\Test Suite Visual\\20240527_191834\\execution0.log"/>
         <property name="attachments" value=""/>
         <property name="hostName" value="17520 - MacProVip"/>
         <property name="os" value="Windows 11 64bit"/>
         <property name="katalonVersion" value="9.4.0.212"/>
         <property name="browser" value="Chrome 125.0.0.0"/>
         <property name="hostAddress" value="192.168.102.54"/>
         <property name="sessionId" value="de539b0f335d080ac6d460c67dc2c6e5"/>
         <property name="seleniumVersion" value="3.141.59"/>
         <property name="proxyInformation" value="ProxyInformation { proxyOption=NO_PROXY, proxyServerType=HTTP, username=, password=********, proxyServerAddress=, proxyServerPort=0, executionList=&quot;&quot;, isApplyToDesiredCapabilities=true }"/>
         <property name="platform" value="Windows 11"/>
      </properties>
      <testcase name="Test Cases/Web/TC 21 - 30/TC21" time="29.276" classname="Test Cases/Web/TC 21 - 30/TC21" status="PASSED">
         <system-out><![CDATA[27-05-2024T19:18:43 - [TEST_CASE][PASSED] - Test Cases/Web/TC 21 - 30/TC21: Test Cases/Web/TC 21 - 30/TC21

27-05-2024T19:18:43 - [TEST_STEP][PASSED] - openBrowser(""): Browser is opened with url: ''

27-05-2024T19:18:44 - [MESSAGE][INFO] - Starting 'Chrome' driver

27-05-2024T19:18:44 - [MESSAGE][INFO] - Action delay is set to 0 milliseconds

27-05-2024T19:18:46 - [MESSAGE][PASSED] - Browser is opened with url: ''

27-05-2024T19:18:46 - [TEST_STEP][PASSED] - navigateToUrl("https://dribbble.com/tags/test_page"): Navigate to 'https://dribbble.com/tags/test_page' successfully

27-05-2024T19:18:49 - [MESSAGE][PASSED] - Navigate to 'https://dribbble.com/tags/test_page' successfully

27-05-2024T19:18:49 - [TEST_STEP][PASSED] - click(findTestObject("Object Repository/a_Find designers")): Object: 'Object Repository/a_Find designers' is clicked on

27-05-2024T19:19:12 - [MESSAGE][PASSED] - Object: 'Object Repository/a_Find designers' is clicked on

27-05-2024T19:19:12 - [TEST_STEP][PASSED] - closeBrowser(): Browser is closed

27-05-2024T19:19:12 - [MESSAGE][PASSED] - Browser is closed]]></system-out>
         <system-err><![CDATA[]]></system-err>
      </testcase>
      <testcase name="Test Cases/Web/TC 21 - 30/TC22" time="3.861" classname="Test Cases/Web/TC 21 - 30/TC22" status="PASSED">
         <system-out><![CDATA[27-05-2024T19:19:12 - [TEST_CASE][PASSED] - Test Cases/Web/TC 21 - 30/TC22: Test Cases/Web/TC 21 - 30/TC22

27-05-2024T19:19:12 - [TEST_STEP][PASSED] - openBrowser(""): Browser is opened with url: ''

27-05-2024T19:19:12 - [MESSAGE][INFO] - Starting 'Chrome' driver

27-05-2024T19:19:12 - [MESSAGE][INFO] - Action delay is set to 0 milliseconds

27-05-2024T19:19:14 - [MESSAGE][PASSED] - Browser is opened with url: ''

27-05-2024T19:19:14 - [TEST_STEP][PASSED] - navigateToUrl("https://www.google.com/"): Navigate to 'https://www.google.com/' successfully

27-05-2024T19:19:16 - [MESSAGE][PASSED] - Navigate to 'https://www.google.com/' successfully

27-05-2024T19:19:16 - [TEST_STEP][PASSED] - closeBrowser(): Browser is closed

27-05-2024T19:19:16 - [MESSAGE][PASSED] - Browser is closed]]></system-out>
         <system-err><![CDATA[]]></system-err>
      </testcase>
      <testcase name="Test Cases/Web/TC 21 - 30/TC23" time="4.105" classname="Test Cases/Web/TC 21 - 30/TC23" status="PASSED">
         <system-out><![CDATA[27-05-2024T19:19:16 - [TEST_CASE][PASSED] - Test Cases/Web/TC 21 - 30/TC23: Test Cases/Web/TC 21 - 30/TC23

27-05-2024T19:19:16 - [TEST_STEP][PASSED] - openBrowser(""): Browser is opened with url: ''

27-05-2024T19:19:16 - [MESSAGE][INFO] - Starting 'Chrome' driver

27-05-2024T19:19:16 - [MESSAGE][INFO] - Action delay is set to 0 milliseconds

27-05-2024T19:19:17 - [MESSAGE][PASSED] - Browser is opened with url: ''

27-05-2024T19:19:17 - [TEST_STEP][PASSED] - navigateToUrl("https://www.google.com/"): Navigate to 'https://www.google.com/' successfully

27-05-2024T19:19:18 - [MESSAGE][PASSED] - Navigate to 'https://www.google.com/' successfully

27-05-2024T19:19:18 - [TEST_STEP][PASSED] - setText(findTestObject("Object Repository/textarea_ng nhp_q"), "asdasdadadasdasd"): Text 'asdasdadadasdasd' is set on object 'Object Repository/textarea_ng nhp_q'

27-05-2024T19:19:19 - [MESSAGE][PASSED] - Text 'asdasdadadasdasd' is set on object 'Object Repository/textarea_ng nhp_q'

27-05-2024T19:19:19 - [TEST_STEP][PASSED] - click(findTestObject("Object Repository/input_Demo account_form-control")): Object: 'Object Repository/input_Demo account_form-control' is clicked on

27-05-2024T19:19:20 - [MESSAGE][PASSED] - Object: 'Object Repository/input_Demo account_form-control' is clicked on

27-05-2024T19:19:20 - [TEST_STEP][PASSED] - closeBrowser(): Browser is closed

27-05-2024T19:19:20 - [MESSAGE][PASSED] - Browser is closed]]></system-out>
         <system-err><![CDATA[]]></system-err>
      </testcase>
      <testcase name="Test Cases/Web/TC 21 - 30/TC24" time="4.696" classname="Test Cases/Web/TC 21 - 30/TC24" status="PASSED">
         <system-out><![CDATA[27-05-2024T19:19:20 - [TEST_CASE][PASSED] - Test Cases/Web/TC 21 - 30/TC24: Test Cases/Web/TC 21 - 30/TC24

27-05-2024T19:19:20 - [TEST_STEP][PASSED] - openBrowser(""): Browser is opened with url: ''

27-05-2024T19:19:20 - [MESSAGE][INFO] - Starting 'Chrome' driver

27-05-2024T19:19:20 - [MESSAGE][INFO] - Action delay is set to 0 milliseconds

27-05-2024T19:19:21 - [MESSAGE][PASSED] - Browser is opened with url: ''

27-05-2024T19:19:21 - [TEST_STEP][PASSED] - navigateToUrl("https://www.google.com/"): Navigate to 'https://www.google.com/' successfully

27-05-2024T19:19:23 - [MESSAGE][PASSED] - Navigate to 'https://www.google.com/' successfully

27-05-2024T19:19:23 - [TEST_STEP][PASSED] - setText(findTestObject("Object Repository/textarea_ng nhp_q"), "as2dadasdasd"): Text 'as2dadasdasd' is set on object 'Object Repository/textarea_ng nhp_q'

27-05-2024T19:19:24 - [MESSAGE][PASSED] - Text 'as2dadasdasd' is set on object 'Object Repository/textarea_ng nhp_q'

27-05-2024T19:19:24 - [TEST_STEP][PASSED] - click(findTestObject("Object Repository/input_Demo account_form-control")): Object: 'Object Repository/input_Demo account_form-control' is clicked on

27-05-2024T19:19:25 - [MESSAGE][PASSED] - Object: 'Object Repository/input_Demo account_form-control' is clicked on

27-05-2024T19:19:25 - [TEST_STEP][PASSED] - closeBrowser(): Browser is closed

27-05-2024T19:19:25 - [MESSAGE][PASSED] - Browser is closed]]></system-out>
         <system-err><![CDATA[]]></system-err>
      </testcase>
      <testcase name="Test Cases/Web/TC 21 - 30/TC25" time="4.375" classname="Test Cases/Web/TC 21 - 30/TC25" status="PASSED">
         <system-out><![CDATA[27-05-2024T19:19:25 - [TEST_CASE][PASSED] - Test Cases/Web/TC 21 - 30/TC25: Test Cases/Web/TC 21 - 30/TC25

27-05-2024T19:19:25 - [TEST_STEP][PASSED] - openBrowser(""): Browser is opened with url: ''

27-05-2024T19:19:25 - [MESSAGE][INFO] - Starting 'Chrome' driver

27-05-2024T19:19:25 - [MESSAGE][INFO] - Action delay is set to 0 milliseconds

27-05-2024T19:19:26 - [MESSAGE][PASSED] - Browser is opened with url: ''

27-05-2024T19:19:26 - [TEST_STEP][PASSED] - navigateToUrl("https://www.google.com/"): Navigate to 'https://www.google.com/' successfully

27-05-2024T19:19:27 - [MESSAGE][PASSED] - Navigate to 'https://www.google.com/' successfully

27-05-2024T19:19:27 - [TEST_STEP][PASSED] - setText(findTestObject("Object Repository/textarea_ng nhp_q"), "asda234234sdadadasdasd"): Text 'asda234234sdadadasdasd' is set on object 'Object Repository/textarea_ng nhp_q'

27-05-2024T19:19:28 - [MESSAGE][PASSED] - Text 'asda234234sdadadasdasd' is set on object 'Object Repository/textarea_ng nhp_q'

27-05-2024T19:19:28 - [TEST_STEP][PASSED] - click(findTestObject("Object Repository/input_Demo account_form-control")): Object: 'Object Repository/input_Demo account_form-control' is clicked on

27-05-2024T19:19:29 - [MESSAGE][PASSED] - Object: 'Object Repository/input_Demo account_form-control' is clicked on

27-05-2024T19:19:29 - [TEST_STEP][PASSED] - closeBrowser(): Browser is closed

27-05-2024T19:19:29 - [MESSAGE][PASSED] - Browser is closed]]></system-out>
         <system-err><![CDATA[]]></system-err>
      </testcase>
      <testcase name="Test Cases/Web/TC 21 - 30/TC26" time="3.941" classname="Test Cases/Web/TC 21 - 30/TC26" status="PASSED">
         <system-out><![CDATA[27-05-2024T19:19:29 - [TEST_CASE][PASSED] - Test Cases/Web/TC 21 - 30/TC26: Test Cases/Web/TC 21 - 30/TC26

27-05-2024T19:19:29 - [TEST_STEP][PASSED] - openBrowser(""): Browser is opened with url: ''

27-05-2024T19:19:29 - [MESSAGE][INFO] - Starting 'Chrome' driver

27-05-2024T19:19:29 - [MESSAGE][INFO] - Action delay is set to 0 milliseconds

27-05-2024T19:19:30 - [MESSAGE][PASSED] - Browser is opened with url: ''

27-05-2024T19:19:30 - [TEST_STEP][PASSED] - navigateToUrl("https://www.google.com/"): Navigate to 'https://www.google.com/' successfully

27-05-2024T19:19:32 - [MESSAGE][PASSED] - Navigate to 'https://www.google.com/' successfully

27-05-2024T19:19:32 - [TEST_STEP][PASSED] - setText(findTestObject("Object Repository/textarea_ng nhp_q"), "asda222234234sdadadasdasd"): Text 'asda222234234sdadadasdasd' is set on object 'Object Repository/textarea_ng nhp_q'

27-05-2024T19:19:32 - [MESSAGE][PASSED] - Text 'asda222234234sdadadasdasd' is set on object 'Object Repository/textarea_ng nhp_q'

27-05-2024T19:19:32 - [TEST_STEP][PASSED] - click(findTestObject("Object Repository/input_Demo account_form-control")): Object: 'Object Repository/input_Demo account_form-control' is clicked on

27-05-2024T19:19:33 - [MESSAGE][PASSED] - Object: 'Object Repository/input_Demo account_form-control' is clicked on

27-05-2024T19:19:33 - [TEST_STEP][PASSED] - closeBrowser(): Browser is closed

27-05-2024T19:19:33 - [MESSAGE][PASSED] - Browser is closed]]></system-out>
         <system-err><![CDATA[]]></system-err>
      </testcase>
      <testcase name="Test Cases/Web/TC 21 - 30/TC27" time="4.654" classname="Test Cases/Web/TC 21 - 30/TC27" status="PASSED">
         <system-out><![CDATA[27-05-2024T19:19:33 - [TEST_CASE][PASSED] - Test Cases/Web/TC 21 - 30/TC27: Test Cases/Web/TC 21 - 30/TC27

27-05-2024T19:19:33 - [TEST_STEP][PASSED] - openBrowser(""): Browser is opened with url: ''

27-05-2024T19:19:33 - [MESSAGE][INFO] - Starting 'Chrome' driver

27-05-2024T19:19:33 - [MESSAGE][INFO] - Action delay is set to 0 milliseconds

27-05-2024T19:19:34 - [MESSAGE][PASSED] - Browser is opened with url: ''

27-05-2024T19:19:34 - [TEST_STEP][PASSED] - navigateToUrl("https://www.google.com/"): Navigate to 'https://www.google.com/' successfully

27-05-2024T19:19:36 - [MESSAGE][PASSED] - Navigate to 'https://www.google.com/' successfully

27-05-2024T19:19:36 - [TEST_STEP][PASSED] - setText(findTestObject("Object Repository/textarea_ng nhp_q"), "asda23213124234sdadadasdasd"): Text 'asda23213124234sdadadasdasd' is set on object 'Object Repository/textarea_ng nhp_q'

27-05-2024T19:19:37 - [MESSAGE][PASSED] - Text 'asda23213124234sdadadasdasd' is set on object 'Object Repository/textarea_ng nhp_q'

27-05-2024T19:19:37 - [TEST_STEP][PASSED] - click(findTestObject("Object Repository/input_Demo account_form-control")): Object: 'Object Repository/input_Demo account_form-control' is clicked on

27-05-2024T19:19:38 - [MESSAGE][PASSED] - Object: 'Object Repository/input_Demo account_form-control' is clicked on

27-05-2024T19:19:38 - [TEST_STEP][PASSED] - closeBrowser(): Browser is closed

27-05-2024T19:19:38 - [MESSAGE][PASSED] - Browser is closed]]></system-out>
         <system-err><![CDATA[]]></system-err>
      </testcase>
      <testcase name="Test Cases/Web/TC 21 - 30/TC28" time="4.136" classname="Test Cases/Web/TC 21 - 30/TC28" status="PASSED">
         <system-out><![CDATA[27-05-2024T19:19:38 - [TEST_CASE][PASSED] - Test Cases/Web/TC 21 - 30/TC28: Test Cases/Web/TC 21 - 30/TC28

27-05-2024T19:19:38 - [TEST_STEP][PASSED] - openBrowser(""): Browser is opened with url: ''

27-05-2024T19:19:38 - [MESSAGE][INFO] - Starting 'Chrome' driver

27-05-2024T19:19:38 - [MESSAGE][INFO] - Action delay is set to 0 milliseconds

27-05-2024T19:19:39 - [MESSAGE][PASSED] - Browser is opened with url: ''

27-05-2024T19:19:39 - [TEST_STEP][PASSED] - navigateToUrl("https://www.google.com/"): Navigate to 'https://www.google.com/' successfully

27-05-2024T19:19:40 - [MESSAGE][PASSED] - Navigate to 'https://www.google.com/' successfully

27-05-2024T19:19:40 - [TEST_STEP][PASSED] - setText(findTestObject("Object Repository/textarea_ng nhp_q"), "asd2a234234sdadadasdasd"): Text 'asd2a234234sdadadasdasd' is set on object 'Object Repository/textarea_ng nhp_q'

27-05-2024T19:19:41 - [MESSAGE][PASSED] - Text 'asd2a234234sdadadasdasd' is set on object 'Object Repository/textarea_ng nhp_q'

27-05-2024T19:19:41 - [TEST_STEP][PASSED] - click(findTestObject("Object Repository/input_Demo account_form-control")): Object: 'Object Repository/input_Demo account_form-control' is clicked on

27-05-2024T19:19:42 - [MESSAGE][PASSED] - Object: 'Object Repository/input_Demo account_form-control' is clicked on

27-05-2024T19:19:42 - [TEST_STEP][PASSED] - closeBrowser(): Browser is closed

27-05-2024T19:19:42 - [MESSAGE][PASSED] - Browser is closed]]></system-out>
         <system-err><![CDATA[]]></system-err>
      </testcase>
      <testcase name="Test Cases/Web/TC 21 - 30/TC29" time="4.006" classname="Test Cases/Web/TC 21 - 30/TC29" status="PASSED">
         <system-out><![CDATA[27-05-2024T19:19:42 - [TEST_CASE][PASSED] - Test Cases/Web/TC 21 - 30/TC29: Test Cases/Web/TC 21 - 30/TC29

27-05-2024T19:19:42 - [TEST_STEP][PASSED] - openBrowser(""): Browser is opened with url: ''

27-05-2024T19:19:42 - [MESSAGE][INFO] - Starting 'Chrome' driver

27-05-2024T19:19:42 - [MESSAGE][INFO] - Action delay is set to 0 milliseconds

27-05-2024T19:19:43 - [MESSAGE][PASSED] - Browser is opened with url: ''

27-05-2024T19:19:43 - [TEST_STEP][PASSED] - navigateToUrl("https://www.google.com/"): Navigate to 'https://www.google.com/' successfully

27-05-2024T19:19:44 - [MESSAGE][PASSED] - Navigate to 'https://www.google.com/' successfully

27-05-2024T19:19:44 - [TEST_STEP][PASSED] - setText(findTestObject("Object Repository/textarea_ng nhp_q"), "asda2342344234sdadadasdasd"): Text 'asda2342344234sdadadasdasd' is set on object 'Object Repository/textarea_ng nhp_q'

27-05-2024T19:19:45 - [MESSAGE][PASSED] - Text 'asda2342344234sdadadasdasd' is set on object 'Object Repository/textarea_ng nhp_q'

27-05-2024T19:19:45 - [TEST_STEP][PASSED] - click(findTestObject("Object Repository/input_Demo account_form-control")): Object: 'Object Repository/input_Demo account_form-control' is clicked on

27-05-2024T19:19:46 - [MESSAGE][PASSED] - Object: 'Object Repository/input_Demo account_form-control' is clicked on

27-05-2024T19:19:46 - [TEST_STEP][PASSED] - closeBrowser(): Browser is closed

27-05-2024T19:19:46 - [MESSAGE][PASSED] - Browser is closed]]></system-out>
         <system-err><![CDATA[]]></system-err>
      </testcase>
      <testcase name="Test Cases/Web/TC 21 - 30/TC30" time="3.708" classname="Test Cases/Web/TC 21 - 30/TC30" status="PASSED">
         <system-out><![CDATA[27-05-2024T19:19:46 - [TEST_CASE][PASSED] - Test Cases/Web/TC 21 - 30/TC30: Test Cases/Web/TC 21 - 30/TC30

27-05-2024T19:19:46 - [TEST_STEP][PASSED] - openBrowser(""): Browser is opened with url: ''

27-05-2024T19:19:46 - [MESSAGE][INFO] - Starting 'Chrome' driver

27-05-2024T19:19:46 - [MESSAGE][INFO] - Action delay is set to 0 milliseconds

27-05-2024T19:19:47 - [MESSAGE][PASSED] - Browser is opened with url: ''

27-05-2024T19:19:47 - [TEST_STEP][PASSED] - navigateToUrl("https://www.google.com/"): Navigate to 'https://www.google.com/' successfully

27-05-2024T19:19:48 - [MESSAGE][PASSED] - Navigate to 'https://www.google.com/' successfully

27-05-2024T19:19:48 - [TEST_STEP][PASSED] - setText(findTestObject("Object Repository/textarea_ng nhp_q"), "asda235554234sdadadasdasd"): Text 'asda235554234sdadadasdasd' is set on object 'Object Repository/textarea_ng nhp_q'

27-05-2024T19:19:49 - [MESSAGE][PASSED] - Text 'asda235554234sdadadasdasd' is set on object 'Object Repository/textarea_ng nhp_q'

27-05-2024T19:19:49 - [TEST_STEP][PASSED] - click(findTestObject("Object Repository/input_Demo account_form-control")): Object: 'Object Repository/input_Demo account_form-control' is clicked on

27-05-2024T19:19:49 - [MESSAGE][PASSED] - Object: 'Object Repository/input_Demo account_form-control' is clicked on

27-05-2024T19:19:49 - [TEST_STEP][PASSED] - closeBrowser(): Browser is closed

27-05-2024T19:19:50 - [MESSAGE][PASSED] - Browser is closed]]></system-out>
         <system-err><![CDATA[]]></system-err>
      </testcase>
      <system-out><![CDATA[27-05-2024T19:18:43 - [TEST_SUITE][PASSED] - Test Suite Visual: Test Cases/Web/TC 21 - 30/TC30]]></system-out>
      <system-err><![CDATA[]]></system-err>
   </testsuite>
</testsuites>
