<?xml version="1.0" encoding="UTF-8"?>
<testsuites name="Test Suite Web" time="49.196" tests="10" failures="0" errors="0">
   <testsuite name="Test Suite Web" tests="10" failures="0" errors="0" time="49.196" skipped="0" timestamp="27-05-2024T19:36:15" hostname="17520 - MacProVip" id="Test Suites/Test Suite Web">
      <properties>
         <property name="deviceName" value=""/>
         <property name="devicePlatform" value=""/>
         <property name="logFolder" value="E:\\Automation_Testing\\katalon\\Katalon-cert-complete\\Reports\\20240527_193604\\Test Suite Web\\20240527_193605"/>
         <property name="logFiles" value="E:\\Automation_Testing\\katalon\\Katalon-cert-complete\\Reports\\20240527_193604\\Test Suite Web\\20240527_193605\\execution0.log"/>
         <property name="attachments" value=""/>
         <property name="hostName" value="17520 - MacProVip"/>
         <property name="os" value="Windows 11 64bit"/>
         <property name="katalonVersion" value="9.4.0.212"/>
         <property name="browser" value="Chrome 125.0.0.0"/>
         <property name="hostAddress" value="192.168.102.54"/>
         <property name="sessionId" value="448db403123f508b2de4e3655764e9f0"/>
         <property name="seleniumVersion" value="3.141.59"/>
         <property name="proxyInformation" value="ProxyInformation { proxyOption=NO_PROXY, proxyServerType=HTTP, username=, password=********, proxyServerAddress=, proxyServerPort=0, executionList=&quot;&quot;, isApplyToDesiredCapabilities=true }"/>
         <property name="platform" value="Windows 11"/>
      </properties>
      <testcase name="Test Cases/Web/TC 21 - 30/TC21" time="12.249" classname="Test Cases/Web/TC 21 - 30/TC21" status="PASSED">
         <system-out><![CDATA[27-05-2024T19:36:16 - [TEST_CASE][PASSED] - Test Cases/Web/TC 21 - 30/TC21: Test Cases/Web/TC 21 - 30/TC21

27-05-2024T19:36:16 - [TEST_STEP][PASSED] - openBrowser(""): Browser is opened with url: ''

27-05-2024T19:36:17 - [MESSAGE][INFO] - Starting 'Chrome' driver

27-05-2024T19:36:17 - [MESSAGE][INFO] - Action delay is set to 0 milliseconds

27-05-2024T19:36:20 - [MESSAGE][PASSED] - Browser is opened with url: ''

27-05-2024T19:36:20 - [TEST_STEP][PASSED] - navigateToUrl("https://dribbble.com/tags/test_page"): Navigate to 'https://dribbble.com/tags/test_page' successfully

27-05-2024T19:36:23 - [MESSAGE][PASSED] - Navigate to 'https://dribbble.com/tags/test_page' successfully

27-05-2024T19:36:23 - [TEST_STEP][PASSED] - click(findTestObject("Object Repository/a_Find designers")): Object: 'Object Repository/a_Find designers' is clicked on

27-05-2024T19:36:28 - [MESSAGE][PASSED] - Object: 'Object Repository/a_Find designers' is clicked on

27-05-2024T19:36:28 - [TEST_STEP][PASSED] - closeBrowser(): Browser is closed

27-05-2024T19:36:28 - [MESSAGE][PASSED] - Browser is closed]]></system-out>
         <system-err><![CDATA[]]></system-err>
      </testcase>
      <testcase name="Test Cases/Web/TC 21 - 30/TC22" time="3.069" classname="Test Cases/Web/TC 21 - 30/TC22" status="PASSED">
         <system-out><![CDATA[27-05-2024T19:36:28 - [TEST_CASE][PASSED] - Test Cases/Web/TC 21 - 30/TC22: Test Cases/Web/TC 21 - 30/TC22

27-05-2024T19:36:28 - [TEST_STEP][PASSED] - openBrowser(""): Browser is opened with url: ''

27-05-2024T19:36:28 - [MESSAGE][INFO] - Starting 'Chrome' driver

27-05-2024T19:36:28 - [MESSAGE][INFO] - Action delay is set to 0 milliseconds

27-05-2024T19:36:29 - [MESSAGE][PASSED] - Browser is opened with url: ''

27-05-2024T19:36:29 - [TEST_STEP][PASSED] - navigateToUrl("https://www.google.com/"): Navigate to 'https://www.google.com/' successfully

27-05-2024T19:36:31 - [MESSAGE][PASSED] - Navigate to 'https://www.google.com/' successfully

27-05-2024T19:36:31 - [TEST_STEP][PASSED] - closeBrowser(): Browser is closed

27-05-2024T19:36:31 - [MESSAGE][PASSED] - Browser is closed]]></system-out>
         <system-err><![CDATA[]]></system-err>
      </testcase>
      <testcase name="Test Cases/Web/TC 21 - 30/TC23" time="3.885" classname="Test Cases/Web/TC 21 - 30/TC23" status="PASSED">
         <system-out><![CDATA[27-05-2024T19:36:31 - [TEST_CASE][PASSED] - Test Cases/Web/TC 21 - 30/TC23: Test Cases/Web/TC 21 - 30/TC23

27-05-2024T19:36:31 - [TEST_STEP][PASSED] - openBrowser(""): Browser is opened with url: ''

27-05-2024T19:36:31 - [MESSAGE][INFO] - Starting 'Chrome' driver

27-05-2024T19:36:31 - [MESSAGE][INFO] - Action delay is set to 0 milliseconds

27-05-2024T19:36:32 - [MESSAGE][PASSED] - Browser is opened with url: ''

27-05-2024T19:36:32 - [TEST_STEP][PASSED] - navigateToUrl("https://www.google.com/"): Navigate to 'https://www.google.com/' successfully

27-05-2024T19:36:33 - [MESSAGE][PASSED] - Navigate to 'https://www.google.com/' successfully

27-05-2024T19:36:33 - [TEST_STEP][PASSED] - setText(findTestObject("Object Repository/textarea_ng nhp_q"), "asdasdadadasdasd"): Text 'asdasdadadasdasd' is set on object 'Object Repository/textarea_ng nhp_q'

27-05-2024T19:36:34 - [MESSAGE][PASSED] - Text 'asdasdadadasdasd' is set on object 'Object Repository/textarea_ng nhp_q'

27-05-2024T19:36:34 - [TEST_STEP][PASSED] - click(findTestObject("Object Repository/input_Demo account_form-control")): Object: 'Object Repository/input_Demo account_form-control' is clicked on

27-05-2024T19:36:35 - [MESSAGE][PASSED] - Object: 'Object Repository/input_Demo account_form-control' is clicked on

27-05-2024T19:36:35 - [TEST_STEP][PASSED] - closeBrowser(): Browser is closed

27-05-2024T19:36:35 - [MESSAGE][PASSED] - Browser is closed]]></system-out>
         <system-err><![CDATA[]]></system-err>
      </testcase>
      <testcase name="Test Cases/Web/TC 21 - 30/TC24" time="3.849" classname="Test Cases/Web/TC 21 - 30/TC24" status="PASSED">
         <system-out><![CDATA[27-05-2024T19:36:35 - [TEST_CASE][PASSED] - Test Cases/Web/TC 21 - 30/TC24: Test Cases/Web/TC 21 - 30/TC24

27-05-2024T19:36:35 - [TEST_STEP][PASSED] - openBrowser(""): Browser is opened with url: ''

27-05-2024T19:36:35 - [MESSAGE][INFO] - Starting 'Chrome' driver

27-05-2024T19:36:35 - [MESSAGE][INFO] - Action delay is set to 0 milliseconds

27-05-2024T19:36:36 - [MESSAGE][PASSED] - Browser is opened with url: ''

27-05-2024T19:36:36 - [TEST_STEP][PASSED] - navigateToUrl("https://www.google.com/"): Navigate to 'https://www.google.com/' successfully

27-05-2024T19:36:37 - [MESSAGE][PASSED] - Navigate to 'https://www.google.com/' successfully

27-05-2024T19:36:37 - [TEST_STEP][PASSED] - setText(findTestObject("Object Repository/textarea_ng nhp_q"), "as2dadasdasd"): Text 'as2dadasdasd' is set on object 'Object Repository/textarea_ng nhp_q'

27-05-2024T19:36:38 - [MESSAGE][PASSED] - Text 'as2dadasdasd' is set on object 'Object Repository/textarea_ng nhp_q'

27-05-2024T19:36:38 - [TEST_STEP][PASSED] - click(findTestObject("Object Repository/input_Demo account_form-control")): Object: 'Object Repository/input_Demo account_form-control' is clicked on

27-05-2024T19:36:39 - [MESSAGE][PASSED] - Object: 'Object Repository/input_Demo account_form-control' is clicked on

27-05-2024T19:36:39 - [TEST_STEP][PASSED] - closeBrowser(): Browser is closed

27-05-2024T19:36:39 - [MESSAGE][PASSED] - Browser is closed]]></system-out>
         <system-err><![CDATA[]]></system-err>
      </testcase>
      <testcase name="Test Cases/Web/TC 21 - 30/TC25" time="3.819" classname="Test Cases/Web/TC 21 - 30/TC25" status="PASSED">
         <system-out><![CDATA[27-05-2024T19:36:39 - [TEST_CASE][PASSED] - Test Cases/Web/TC 21 - 30/TC25: Test Cases/Web/TC 21 - 30/TC25

27-05-2024T19:36:39 - [TEST_STEP][PASSED] - openBrowser(""): Browser is opened with url: ''

27-05-2024T19:36:39 - [MESSAGE][INFO] - Starting 'Chrome' driver

27-05-2024T19:36:39 - [MESSAGE][INFO] - Action delay is set to 0 milliseconds

27-05-2024T19:36:40 - [MESSAGE][PASSED] - Browser is opened with url: ''

27-05-2024T19:36:40 - [TEST_STEP][PASSED] - navigateToUrl("https://www.google.com/"): Navigate to 'https://www.google.com/' successfully

27-05-2024T19:36:41 - [MESSAGE][PASSED] - Navigate to 'https://www.google.com/' successfully

27-05-2024T19:36:41 - [TEST_STEP][PASSED] - setText(findTestObject("Object Repository/textarea_ng nhp_q"), "asda234234sdadadasdasd"): Text 'asda234234sdadadasdasd' is set on object 'Object Repository/textarea_ng nhp_q'

27-05-2024T19:36:42 - [MESSAGE][PASSED] - Text 'asda234234sdadadasdasd' is set on object 'Object Repository/textarea_ng nhp_q'

27-05-2024T19:36:42 - [TEST_STEP][PASSED] - click(findTestObject("Object Repository/input_Demo account_form-control")): Object: 'Object Repository/input_Demo account_form-control' is clicked on

27-05-2024T19:36:42 - [MESSAGE][PASSED] - Object: 'Object Repository/input_Demo account_form-control' is clicked on

27-05-2024T19:36:42 - [TEST_STEP][PASSED] - closeBrowser(): Browser is closed

27-05-2024T19:36:43 - [MESSAGE][PASSED] - Browser is closed]]></system-out>
         <system-err><![CDATA[]]></system-err>
      </testcase>
      <testcase name="Test Cases/Web/TC 21 - 30/TC26" time="3.85" classname="Test Cases/Web/TC 21 - 30/TC26" status="PASSED">
         <system-out><![CDATA[27-05-2024T19:36:43 - [TEST_CASE][PASSED] - Test Cases/Web/TC 21 - 30/TC26: Test Cases/Web/TC 21 - 30/TC26

27-05-2024T19:36:43 - [TEST_STEP][PASSED] - openBrowser(""): Browser is opened with url: ''

27-05-2024T19:36:43 - [MESSAGE][INFO] - Starting 'Chrome' driver

27-05-2024T19:36:43 - [MESSAGE][INFO] - Action delay is set to 0 milliseconds

27-05-2024T19:36:43 - [MESSAGE][PASSED] - Browser is opened with url: ''

27-05-2024T19:36:44 - [TEST_STEP][PASSED] - navigateToUrl("https://www.google.com/"): Navigate to 'https://www.google.com/' successfully

27-05-2024T19:36:45 - [MESSAGE][PASSED] - Navigate to 'https://www.google.com/' successfully

27-05-2024T19:36:45 - [TEST_STEP][PASSED] - setText(findTestObject("Object Repository/textarea_ng nhp_q"), "asda222234234sdadadasdasd"): Text 'asda222234234sdadadasdasd' is set on object 'Object Repository/textarea_ng nhp_q'

27-05-2024T19:36:45 - [MESSAGE][PASSED] - Text 'asda222234234sdadadasdasd' is set on object 'Object Repository/textarea_ng nhp_q'

27-05-2024T19:36:45 - [TEST_STEP][PASSED] - click(findTestObject("Object Repository/input_Demo account_form-control")): Object: 'Object Repository/input_Demo account_form-control' is clicked on

27-05-2024T19:36:46 - [MESSAGE][PASSED] - Object: 'Object Repository/input_Demo account_form-control' is clicked on

27-05-2024T19:36:46 - [TEST_STEP][PASSED] - closeBrowser(): Browser is closed

27-05-2024T19:36:46 - [MESSAGE][PASSED] - Browser is closed]]></system-out>
         <system-err><![CDATA[]]></system-err>
      </testcase>
      <testcase name="Test Cases/Web/TC 21 - 30/TC27" time="3.927" classname="Test Cases/Web/TC 21 - 30/TC27" status="PASSED">
         <system-out><![CDATA[27-05-2024T19:36:46 - [TEST_CASE][PASSED] - Test Cases/Web/TC 21 - 30/TC27: Test Cases/Web/TC 21 - 30/TC27

27-05-2024T19:36:46 - [TEST_STEP][PASSED] - openBrowser(""): Browser is opened with url: ''

27-05-2024T19:36:46 - [MESSAGE][INFO] - Starting 'Chrome' driver

27-05-2024T19:36:46 - [MESSAGE][INFO] - Action delay is set to 0 milliseconds

27-05-2024T19:36:47 - [MESSAGE][PASSED] - Browser is opened with url: ''

27-05-2024T19:36:47 - [TEST_STEP][PASSED] - navigateToUrl("https://www.google.com/"): Navigate to 'https://www.google.com/' successfully

27-05-2024T19:36:48 - [MESSAGE][PASSED] - Navigate to 'https://www.google.com/' successfully

27-05-2024T19:36:48 - [TEST_STEP][PASSED] - setText(findTestObject("Object Repository/textarea_ng nhp_q"), "asda23213124234sdadadasdasd"): Text 'asda23213124234sdadadasdasd' is set on object 'Object Repository/textarea_ng nhp_q'

27-05-2024T19:36:49 - [MESSAGE][PASSED] - Text 'asda23213124234sdadadasdasd' is set on object 'Object Repository/textarea_ng nhp_q'

27-05-2024T19:36:49 - [TEST_STEP][PASSED] - click(findTestObject("Object Repository/input_Demo account_form-control")): Object: 'Object Repository/input_Demo account_form-control' is clicked on

27-05-2024T19:36:50 - [MESSAGE][PASSED] - Object: 'Object Repository/input_Demo account_form-control' is clicked on

27-05-2024T19:36:50 - [TEST_STEP][PASSED] - closeBrowser(): Browser is closed

27-05-2024T19:36:50 - [MESSAGE][PASSED] - Browser is closed]]></system-out>
         <system-err><![CDATA[]]></system-err>
      </testcase>
      <testcase name="Test Cases/Web/TC 21 - 30/TC28" time="4.819" classname="Test Cases/Web/TC 21 - 30/TC28" status="PASSED">
         <system-out><![CDATA[27-05-2024T19:36:50 - [TEST_CASE][PASSED] - Test Cases/Web/TC 21 - 30/TC28: Test Cases/Web/TC 21 - 30/TC28

27-05-2024T19:36:50 - [TEST_STEP][PASSED] - openBrowser(""): Browser is opened with url: ''

27-05-2024T19:36:50 - [MESSAGE][INFO] - Starting 'Chrome' driver

27-05-2024T19:36:50 - [MESSAGE][INFO] - Action delay is set to 0 milliseconds

27-05-2024T19:36:51 - [MESSAGE][PASSED] - Browser is opened with url: ''

27-05-2024T19:36:51 - [TEST_STEP][PASSED] - navigateToUrl("https://www.google.com/"): Navigate to 'https://www.google.com/' successfully

27-05-2024T19:36:53 - [MESSAGE][PASSED] - Navigate to 'https://www.google.com/' successfully

27-05-2024T19:36:53 - [TEST_STEP][PASSED] - setText(findTestObject("Object Repository/textarea_ng nhp_q"), "asd2a234234sdadadasdasd"): Text 'asd2a234234sdadadasdasd' is set on object 'Object Repository/textarea_ng nhp_q'

27-05-2024T19:36:54 - [MESSAGE][PASSED] - Text 'asd2a234234sdadadasdasd' is set on object 'Object Repository/textarea_ng nhp_q'

27-05-2024T19:36:54 - [TEST_STEP][PASSED] - click(findTestObject("Object Repository/input_Demo account_form-control")): Object: 'Object Repository/input_Demo account_form-control' is clicked on

27-05-2024T19:36:55 - [MESSAGE][PASSED] - Object: 'Object Repository/input_Demo account_form-control' is clicked on

27-05-2024T19:36:55 - [TEST_STEP][PASSED] - closeBrowser(): Browser is closed

27-05-2024T19:36:55 - [MESSAGE][PASSED] - Browser is closed]]></system-out>
         <system-err><![CDATA[]]></system-err>
      </testcase>
      <testcase name="Test Cases/Web/TC 21 - 30/TC29" time="4.728" classname="Test Cases/Web/TC 21 - 30/TC29" status="PASSED">
         <system-out><![CDATA[27-05-2024T19:36:55 - [TEST_CASE][PASSED] - Test Cases/Web/TC 21 - 30/TC29: Test Cases/Web/TC 21 - 30/TC29

27-05-2024T19:36:55 - [TEST_STEP][PASSED] - openBrowser(""): Browser is opened with url: ''

27-05-2024T19:36:55 - [MESSAGE][INFO] - Starting 'Chrome' driver

27-05-2024T19:36:55 - [MESSAGE][INFO] - Action delay is set to 0 milliseconds

27-05-2024T19:36:56 - [MESSAGE][PASSED] - Browser is opened with url: ''

27-05-2024T19:36:56 - [TEST_STEP][PASSED] - navigateToUrl("https://www.google.com/"): Navigate to 'https://www.google.com/' successfully

27-05-2024T19:36:58 - [MESSAGE][PASSED] - Navigate to 'https://www.google.com/' successfully

27-05-2024T19:36:58 - [TEST_STEP][PASSED] - setText(findTestObject("Object Repository/textarea_ng nhp_q"), "asda2342344234sdadadasdasd"): Text 'asda2342344234sdadadasdasd' is set on object 'Object Repository/textarea_ng nhp_q'

27-05-2024T19:36:59 - [MESSAGE][PASSED] - Text 'asda2342344234sdadadasdasd' is set on object 'Object Repository/textarea_ng nhp_q'

27-05-2024T19:36:59 - [TEST_STEP][PASSED] - click(findTestObject("Object Repository/input_Demo account_form-control")): Object: 'Object Repository/input_Demo account_form-control' is clicked on

27-05-2024T19:37:00 - [MESSAGE][PASSED] - Object: 'Object Repository/input_Demo account_form-control' is clicked on

27-05-2024T19:37:00 - [TEST_STEP][PASSED] - closeBrowser(): Browser is closed

27-05-2024T19:37:00 - [MESSAGE][PASSED] - Browser is closed]]></system-out>
         <system-err><![CDATA[]]></system-err>
      </testcase>
      <testcase name="Test Cases/Web/TC 21 - 30/TC30" time="4.62" classname="Test Cases/Web/TC 21 - 30/TC30" status="PASSED">
         <system-out><![CDATA[27-05-2024T19:37:00 - [TEST_CASE][PASSED] - Test Cases/Web/TC 21 - 30/TC30: Test Cases/Web/TC 21 - 30/TC30

27-05-2024T19:37:00 - [TEST_STEP][PASSED] - openBrowser(""): Browser is opened with url: ''

27-05-2024T19:37:00 - [MESSAGE][INFO] - Starting 'Chrome' driver

27-05-2024T19:37:00 - [MESSAGE][INFO] - Action delay is set to 0 milliseconds

27-05-2024T19:37:01 - [MESSAGE][PASSED] - Browser is opened with url: ''

27-05-2024T19:37:01 - [TEST_STEP][PASSED] - navigateToUrl("https://www.google.com/"): Navigate to 'https://www.google.com/' successfully

27-05-2024T19:37:03 - [MESSAGE][PASSED] - Navigate to 'https://www.google.com/' successfully

27-05-2024T19:37:03 - [TEST_STEP][PASSED] - setText(findTestObject("Object Repository/textarea_ng nhp_q"), "asda235554234sdadadasdasd"): Text 'asda235554234sdadadasdasd' is set on object 'Object Repository/textarea_ng nhp_q'

27-05-2024T19:37:03 - [MESSAGE][PASSED] - Text 'asda235554234sdadadasdasd' is set on object 'Object Repository/textarea_ng nhp_q'

27-05-2024T19:37:03 - [TEST_STEP][PASSED] - click(findTestObject("Object Repository/input_Demo account_form-control")): Object: 'Object Repository/input_Demo account_form-control' is clicked on

27-05-2024T19:37:04 - [MESSAGE][PASSED] - Object: 'Object Repository/input_Demo account_form-control' is clicked on

27-05-2024T19:37:04 - [TEST_STEP][PASSED] - closeBrowser(): Browser is closed

27-05-2024T19:37:04 - [MESSAGE][PASSED] - Browser is closed]]></system-out>
         <system-err><![CDATA[]]></system-err>
      </testcase>
      <system-out><![CDATA[27-05-2024T19:36:15 - [TEST_SUITE][PASSED] - Test Suite Web: Test Cases/Web/TC 21 - 30/TC30]]></system-out>
      <system-err><![CDATA[]]></system-err>
   </testsuite>
</testsuites>
